{"C:\\Users\\fpezc\\Desktop\\Programacion\\FutureProof\\Lessons\\1st LAP\\3rd Week - Project\\Blog_project\\Blog_Backend\\index.js": {"path":"C:\\Users\\fpezc\\Desktop\\Programacion\\FutureProof\\Lessons\\1st LAP\\3rd Week - Project\\Blog_project\\Blog_Backend\\index.js","statementMap":{"0":{"start":{"line":1,"column":16},"end":{"line":1,"column":34}},"1":{"start":{"line":2,"column":13},"end":{"line":2,"column":28}},"2":{"start":{"line":3,"column":19},"end":{"line":3,"column":41}},"3":{"start":{"line":4,"column":0},"end":{"line":4,"column":27}},"4":{"start":{"line":5,"column":12},"end":{"line":5,"column":21}},"5":{"start":{"line":6,"column":0},"end":{"line":6,"column":16}},"6":{"start":{"line":7,"column":0},"end":{"line":7,"column":27}},"7":{"start":{"line":10,"column":15},"end":{"line":10,"column":32}},"8":{"start":{"line":12,"column":13},"end":{"line":12,"column":37}},"9":{"start":{"line":13,"column":13},"end":{"line":13,"column":40}},"10":{"start":{"line":15,"column":11},"end":{"line":15,"column":24}},"11":{"start":{"line":17,"column":0},"end":{"line":19,"column":3}},"12":{"start":{"line":18,"column":2},"end":{"line":18,"column":43}},"13":{"start":{"line":23,"column":0},"end":{"line":26,"column":3}},"14":{"start":{"line":24,"column":2},"end":{"line":24,"column":20}},"15":{"start":{"line":25,"column":2},"end":{"line":25,"column":17}},"16":{"start":{"line":29,"column":0},"end":{"line":35,"column":3}},"17":{"start":{"line":30,"column":15},"end":{"line":30,"column":40}},"18":{"start":{"line":31,"column":23},"end":{"line":33,"column":4}},"19":{"start":{"line":32,"column":4},"end":{"line":32,"column":31}},"20":{"start":{"line":34,"column":2},"end":{"line":34,"column":28}},"21":{"start":{"line":39,"column":0},"end":{"line":45,"column":3}},"22":{"start":{"line":40,"column":15},"end":{"line":40,"column":23}},"23":{"start":{"line":42,"column":2},"end":{"line":42,"column":18}},"24":{"start":{"line":44,"column":2},"end":{"line":44,"column":29}},"25":{"start":{"line":49,"column":0},"end":{"line":49,"column":51}},"26":{"start":{"line":52,"column":0},"end":{"line":67,"column":3}},"27":{"start":{"line":56,"column":6},"end":{"line":56,"column":9}},"28":{"start":{"line":58,"column":21},"end":{"line":62,"column":3}},"29":{"start":{"line":64,"column":2},"end":{"line":64,"column":34}},"30":{"start":{"line":66,"column":2},"end":{"line":66,"column":35}},"31":{"start":{"line":70,"column":0},"end":{"line":84,"column":3}},"32":{"start":{"line":74,"column":6},"end":{"line":74,"column":9}},"33":{"start":{"line":81,"column":2},"end":{"line":81,"column":42}},"34":{"start":{"line":83,"column":2},"end":{"line":83,"column":31}},"35":{"start":{"line":90,"column":2},"end":{"line":108,"column":5}},"36":{"start":{"line":91,"column":4},"end":{"line":93,"column":5}},"37":{"start":{"line":92,"column":6},"end":{"line":92,"column":23}},"38":{"start":{"line":94,"column":4},"end":{"line":94,"column":35}},"39":{"start":{"line":95,"column":4},"end":{"line":95,"column":25}},"40":{"start":{"line":97,"column":4},"end":{"line":97,"column":36}},"41":{"start":{"line":99,"column":4},"end":{"line":107,"column":6}},"42":{"start":{"line":103,"column":8},"end":{"line":105,"column":9}},"43":{"start":{"line":104,"column":10},"end":{"line":104,"column":27}},"44":{"start":{"line":110,"column":2},"end":{"line":110,"column":17}},"45":{"start":{"line":115,"column":2},"end":{"line":147,"column":5}},"46":{"start":{"line":116,"column":4},"end":{"line":118,"column":5}},"47":{"start":{"line":117,"column":6},"end":{"line":117,"column":23}},"48":{"start":{"line":120,"column":23},"end":{"line":120,"column":43}},"49":{"start":{"line":123,"column":23},"end":{"line":125,"column":9}},"50":{"start":{"line":124,"column":6},"end":{"line":124,"column":33}},"51":{"start":{"line":127,"column":32},"end":{"line":127,"column":66}},"52":{"start":{"line":129,"column":25},"end":{"line":137,"column":5}},"53":{"start":{"line":138,"column":4},"end":{"line":146,"column":6}},"54":{"start":{"line":142,"column":8},"end":{"line":144,"column":9}},"55":{"start":{"line":143,"column":10},"end":{"line":143,"column":27}},"56":{"start":{"line":151,"column":2},"end":{"line":187,"column":5}},"57":{"start":{"line":152,"column":4},"end":{"line":154,"column":5}},"58":{"start":{"line":153,"column":6},"end":{"line":153,"column":25}},"59":{"start":{"line":155,"column":23},"end":{"line":155,"column":39}},"60":{"start":{"line":157,"column":25},"end":{"line":159,"column":9}},"61":{"start":{"line":158,"column":6},"end":{"line":158,"column":33}},"62":{"start":{"line":160,"column":4},"end":{"line":160,"column":50}},"63":{"start":{"line":162,"column":32},"end":{"line":162,"column":66}},"64":{"start":{"line":164,"column":25},"end":{"line":176,"column":5}},"65":{"start":{"line":178,"column":4},"end":{"line":186,"column":6}},"66":{"start":{"line":182,"column":8},"end":{"line":184,"column":9}},"67":{"start":{"line":183,"column":10},"end":{"line":183,"column":27}},"68":{"start":{"line":190,"column":0},"end":{"line":190,"column":31}}},"fnMap":{"0":{"name":"(anonymous_0)","decl":{"start":{"line":17,"column":17},"end":{"line":17,"column":18}},"loc":{"start":{"line":17,"column":23},"end":{"line":19,"column":1}},"line":17},"1":{"name":"(anonymous_1)","decl":{"start":{"line":23,"column":18},"end":{"line":23,"column":19}},"loc":{"start":{"line":23,"column":32},"end":{"line":26,"column":1}},"line":23},"2":{"name":"(anonymous_2)","decl":{"start":{"line":29,"column":24},"end":{"line":29,"column":25}},"loc":{"start":{"line":29,"column":38},"end":{"line":35,"column":1}},"line":29},"3":{"name":"(anonymous_3)","decl":{"start":{"line":31,"column":35},"end":{"line":31,"column":36}},"loc":{"start":{"line":31,"column":49},"end":{"line":33,"column":3}},"line":31},"4":{"name":"(anonymous_4)","decl":{"start":{"line":39,"column":24},"end":{"line":39,"column":25}},"loc":{"start":{"line":39,"column":38},"end":{"line":45,"column":1}},"line":39},"5":{"name":"(anonymous_5)","decl":{"start":{"line":49,"column":33},"end":{"line":49,"column":34}},"loc":{"start":{"line":49,"column":47},"end":{"line":49,"column":49}},"line":49},"6":{"name":"(anonymous_6)","decl":{"start":{"line":52,"column":33},"end":{"line":52,"column":34}},"loc":{"start":{"line":52,"column":47},"end":{"line":67,"column":1}},"line":52},"7":{"name":"(anonymous_7)","decl":{"start":{"line":70,"column":44},"end":{"line":70,"column":45}},"loc":{"start":{"line":70,"column":58},"end":{"line":84,"column":1}},"line":70},"8":{"name":"readPosts","decl":{"start":{"line":86,"column":9},"end":{"line":86,"column":18}},"loc":{"start":{"line":86,"column":28},"end":{"line":111,"column":1}},"line":86},"9":{"name":"(anonymous_9)","decl":{"start":{"line":90,"column":35},"end":{"line":90,"column":36}},"loc":{"start":{"line":90,"column":54},"end":{"line":108,"column":3}},"line":90},"10":{"name":"(anonymous_10)","decl":{"start":{"line":102,"column":6},"end":{"line":102,"column":7}},"loc":{"start":{"line":102,"column":15},"end":{"line":106,"column":7}},"line":102},"11":{"name":"addNewComment","decl":{"start":{"line":114,"column":9},"end":{"line":114,"column":22}},"loc":{"start":{"line":114,"column":41},"end":{"line":148,"column":1}},"line":114},"12":{"name":"(anonymous_12)","decl":{"start":{"line":115,"column":34},"end":{"line":115,"column":35}},"loc":{"start":{"line":115,"column":53},"end":{"line":147,"column":3}},"line":115},"13":{"name":"(anonymous_13)","decl":{"start":{"line":123,"column":43},"end":{"line":123,"column":44}},"loc":{"start":{"line":123,"column":57},"end":{"line":125,"column":5}},"line":123},"14":{"name":"(anonymous_14)","decl":{"start":{"line":141,"column":6},"end":{"line":141,"column":7}},"loc":{"start":{"line":141,"column":15},"end":{"line":145,"column":7}},"line":141},"15":{"name":"updateReactions","decl":{"start":{"line":150,"column":9},"end":{"line":150,"column":24}},"loc":{"start":{"line":150,"column":49},"end":{"line":188,"column":1}},"line":150},"16":{"name":"(anonymous_16)","decl":{"start":{"line":151,"column":34},"end":{"line":151,"column":35}},"loc":{"start":{"line":151,"column":49},"end":{"line":187,"column":3}},"line":151},"17":{"name":"(anonymous_17)","decl":{"start":{"line":157,"column":45},"end":{"line":157,"column":46}},"loc":{"start":{"line":157,"column":59},"end":{"line":159,"column":5}},"line":157},"18":{"name":"(anonymous_18)","decl":{"start":{"line":181,"column":6},"end":{"line":181,"column":7}},"loc":{"start":{"line":181,"column":15},"end":{"line":185,"column":7}},"line":181}},"branchMap":{"0":{"loc":{"start":{"line":12,"column":13},"end":{"line":12,"column":37}},"type":"binary-expr","locations":[{"start":{"line":12,"column":13},"end":{"line":12,"column":29}},{"start":{"line":12,"column":33},"end":{"line":12,"column":37}}],"line":12},"1":{"loc":{"start":{"line":91,"column":4},"end":{"line":93,"column":5}},"type":"if","locations":[{"start":{"line":91,"column":4},"end":{"line":93,"column":5}},{"start":{},"end":{}}],"line":91},"2":{"loc":{"start":{"line":103,"column":8},"end":{"line":105,"column":9}},"type":"if","locations":[{"start":{"line":103,"column":8},"end":{"line":105,"column":9}},{"start":{},"end":{}}],"line":103},"3":{"loc":{"start":{"line":116,"column":4},"end":{"line":118,"column":5}},"type":"if","locations":[{"start":{"line":116,"column":4},"end":{"line":118,"column":5}},{"start":{},"end":{}}],"line":116},"4":{"loc":{"start":{"line":142,"column":8},"end":{"line":144,"column":9}},"type":"if","locations":[{"start":{"line":142,"column":8},"end":{"line":144,"column":9}},{"start":{},"end":{}}],"line":142},"5":{"loc":{"start":{"line":152,"column":4},"end":{"line":154,"column":5}},"type":"if","locations":[{"start":{"line":152,"column":4},"end":{"line":154,"column":5}},{"start":{},"end":{}}],"line":152},"6":{"loc":{"start":{"line":182,"column":8},"end":{"line":184,"column":9}},"type":"if","locations":[{"start":{"line":182,"column":8},"end":{"line":184,"column":9}},{"start":{},"end":{}}],"line":182}},"s":{"0":1,"1":1,"2":1,"3":1,"4":1,"5":1,"6":1,"7":1,"8":1,"9":1,"10":1,"11":1,"12":1,"13":1,"14":1,"15":1,"16":1,"17":0,"18":0,"19":0,"20":0,"21":1,"22":0,"23":0,"24":0,"25":1,"26":1,"27":0,"28":0,"29":0,"30":0,"31":1,"32":0,"33":0,"34":0,"35":0,"36":0,"37":0,"38":0,"39":0,"40":0,"41":0,"42":0,"43":0,"44":0,"45":0,"46":0,"47":0,"48":0,"49":0,"50":0,"51":0,"52":0,"53":0,"54":0,"55":0,"56":0,"57":0,"58":0,"59":0,"60":0,"61":0,"62":0,"63":0,"64":0,"65":0,"66":0,"67":0,"68":1},"f":{"0":1,"1":1,"2":0,"3":0,"4":0,"5":0,"6":0,"7":0,"8":0,"9":0,"10":0,"11":0,"12":0,"13":0,"14":0,"15":0,"16":0,"17":0,"18":0},"b":{"0":[1,1],"1":[0,0],"2":[0,0],"3":[0,0],"4":[0,0],"5":[0,0],"6":[0,0]},"_coverageSchema":"1a1c01bbd47fc00a2c39e90264f33305004495a9","hash":"38dfa3f07273b7277dec7af07878b213b5a62f75"}
}
