{"C:\\Users\\fpezc\\Desktop\\Programacion\\FutureProof\\Lessons\\1st LAP\\3rd Week - Project\\Blog_project\\Blog_Backend\\index.js": {"path":"C:\\Users\\fpezc\\Desktop\\Programacion\\FutureProof\\Lessons\\1st LAP\\3rd Week - Project\\Blog_project\\Blog_Backend\\index.js","statementMap":{"0":{"start":{"line":1,"column":16},"end":{"line":1,"column":34}},"1":{"start":{"line":2,"column":13},"end":{"line":2,"column":28}},"2":{"start":{"line":3,"column":19},"end":{"line":3,"column":41}},"3":{"start":{"line":4,"column":0},"end":{"line":4,"column":27}},"4":{"start":{"line":5,"column":12},"end":{"line":5,"column":21}},"5":{"start":{"line":6,"column":0},"end":{"line":6,"column":16}},"6":{"start":{"line":7,"column":0},"end":{"line":7,"column":27}},"7":{"start":{"line":10,"column":15},"end":{"line":10,"column":32}},"8":{"start":{"line":13,"column":13},"end":{"line":13,"column":40}},"9":{"start":{"line":15,"column":11},"end":{"line":15,"column":24}},"10":{"start":{"line":23,"column":0},"end":{"line":26,"column":3}},"11":{"start":{"line":24,"column":2},"end":{"line":24,"column":20}},"12":{"start":{"line":25,"column":2},"end":{"line":25,"column":17}},"13":{"start":{"line":29,"column":0},"end":{"line":35,"column":3}},"14":{"start":{"line":30,"column":15},"end":{"line":30,"column":40}},"15":{"start":{"line":31,"column":23},"end":{"line":33,"column":4}},"16":{"start":{"line":32,"column":4},"end":{"line":32,"column":31}},"17":{"start":{"line":34,"column":2},"end":{"line":34,"column":28}},"18":{"start":{"line":39,"column":0},"end":{"line":45,"column":3}},"19":{"start":{"line":40,"column":15},"end":{"line":40,"column":23}},"20":{"start":{"line":42,"column":2},"end":{"line":42,"column":18}},"21":{"start":{"line":44,"column":2},"end":{"line":44,"column":29}},"22":{"start":{"line":49,"column":0},"end":{"line":55,"column":3}},"23":{"start":{"line":50,"column":15},"end":{"line":50,"column":40}},"24":{"start":{"line":51,"column":23},"end":{"line":53,"column":4}},"25":{"start":{"line":52,"column":4},"end":{"line":52,"column":31}},"26":{"start":{"line":54,"column":2},"end":{"line":54,"column":37}},"27":{"start":{"line":58,"column":0},"end":{"line":73,"column":3}},"28":{"start":{"line":62,"column":6},"end":{"line":62,"column":9}},"29":{"start":{"line":64,"column":21},"end":{"line":68,"column":3}},"30":{"start":{"line":70,"column":2},"end":{"line":70,"column":34}},"31":{"start":{"line":72,"column":2},"end":{"line":72,"column":35}},"32":{"start":{"line":76,"column":0},"end":{"line":90,"column":3}},"33":{"start":{"line":80,"column":6},"end":{"line":80,"column":9}},"34":{"start":{"line":86,"column":2},"end":{"line":86,"column":42}},"35":{"start":{"line":89,"column":2},"end":{"line":89,"column":33}},"36":{"start":{"line":95,"column":2},"end":{"line":113,"column":5}},"37":{"start":{"line":96,"column":4},"end":{"line":98,"column":5}},"38":{"start":{"line":97,"column":6},"end":{"line":97,"column":23}},"39":{"start":{"line":99,"column":4},"end":{"line":99,"column":35}},"40":{"start":{"line":100,"column":4},"end":{"line":100,"column":25}},"41":{"start":{"line":102,"column":4},"end":{"line":102,"column":36}},"42":{"start":{"line":104,"column":4},"end":{"line":112,"column":6}},"43":{"start":{"line":108,"column":8},"end":{"line":110,"column":9}},"44":{"start":{"line":109,"column":10},"end":{"line":109,"column":27}},"45":{"start":{"line":115,"column":2},"end":{"line":115,"column":17}},"46":{"start":{"line":120,"column":2},"end":{"line":152,"column":5}},"47":{"start":{"line":121,"column":4},"end":{"line":123,"column":5}},"48":{"start":{"line":122,"column":6},"end":{"line":122,"column":23}},"49":{"start":{"line":125,"column":23},"end":{"line":125,"column":43}},"50":{"start":{"line":128,"column":23},"end":{"line":130,"column":9}},"51":{"start":{"line":129,"column":6},"end":{"line":129,"column":33}},"52":{"start":{"line":132,"column":32},"end":{"line":132,"column":66}},"53":{"start":{"line":134,"column":25},"end":{"line":142,"column":5}},"54":{"start":{"line":143,"column":4},"end":{"line":151,"column":6}},"55":{"start":{"line":147,"column":8},"end":{"line":149,"column":9}},"56":{"start":{"line":148,"column":10},"end":{"line":148,"column":27}},"57":{"start":{"line":156,"column":2},"end":{"line":191,"column":5}},"58":{"start":{"line":157,"column":4},"end":{"line":159,"column":5}},"59":{"start":{"line":158,"column":6},"end":{"line":158,"column":25}},"60":{"start":{"line":160,"column":23},"end":{"line":160,"column":39}},"61":{"start":{"line":162,"column":25},"end":{"line":164,"column":9}},"62":{"start":{"line":163,"column":6},"end":{"line":163,"column":33}},"63":{"start":{"line":166,"column":32},"end":{"line":166,"column":66}},"64":{"start":{"line":168,"column":25},"end":{"line":180,"column":5}},"65":{"start":{"line":182,"column":4},"end":{"line":190,"column":6}},"66":{"start":{"line":186,"column":8},"end":{"line":188,"column":9}},"67":{"start":{"line":187,"column":10},"end":{"line":187,"column":27}},"68":{"start":{"line":195,"column":0},"end":{"line":195,"column":25}}},"fnMap":{"0":{"name":"(anonymous_0)","decl":{"start":{"line":23,"column":18},"end":{"line":23,"column":19}},"loc":{"start":{"line":23,"column":32},"end":{"line":26,"column":1}},"line":23},"1":{"name":"(anonymous_1)","decl":{"start":{"line":29,"column":24},"end":{"line":29,"column":25}},"loc":{"start":{"line":29,"column":38},"end":{"line":35,"column":1}},"line":29},"2":{"name":"(anonymous_2)","decl":{"start":{"line":31,"column":35},"end":{"line":31,"column":36}},"loc":{"start":{"line":31,"column":49},"end":{"line":33,"column":3}},"line":31},"3":{"name":"(anonymous_3)","decl":{"start":{"line":39,"column":24},"end":{"line":39,"column":25}},"loc":{"start":{"line":39,"column":38},"end":{"line":45,"column":1}},"line":39},"4":{"name":"(anonymous_4)","decl":{"start":{"line":49,"column":33},"end":{"line":49,"column":34}},"loc":{"start":{"line":49,"column":47},"end":{"line":55,"column":1}},"line":49},"5":{"name":"(anonymous_5)","decl":{"start":{"line":51,"column":35},"end":{"line":51,"column":36}},"loc":{"start":{"line":51,"column":49},"end":{"line":53,"column":3}},"line":51},"6":{"name":"(anonymous_6)","decl":{"start":{"line":58,"column":33},"end":{"line":58,"column":34}},"loc":{"start":{"line":58,"column":47},"end":{"line":73,"column":1}},"line":58},"7":{"name":"(anonymous_7)","decl":{"start":{"line":76,"column":44},"end":{"line":76,"column":45}},"loc":{"start":{"line":76,"column":58},"end":{"line":90,"column":1}},"line":76},"8":{"name":"readPosts","decl":{"start":{"line":92,"column":9},"end":{"line":92,"column":18}},"loc":{"start":{"line":92,"column":28},"end":{"line":116,"column":1}},"line":92},"9":{"name":"(anonymous_9)","decl":{"start":{"line":95,"column":35},"end":{"line":95,"column":36}},"loc":{"start":{"line":95,"column":54},"end":{"line":113,"column":3}},"line":95},"10":{"name":"(anonymous_10)","decl":{"start":{"line":107,"column":6},"end":{"line":107,"column":7}},"loc":{"start":{"line":107,"column":15},"end":{"line":111,"column":7}},"line":107},"11":{"name":"addNewComment","decl":{"start":{"line":119,"column":9},"end":{"line":119,"column":22}},"loc":{"start":{"line":119,"column":41},"end":{"line":153,"column":1}},"line":119},"12":{"name":"(anonymous_12)","decl":{"start":{"line":120,"column":34},"end":{"line":120,"column":35}},"loc":{"start":{"line":120,"column":53},"end":{"line":152,"column":3}},"line":120},"13":{"name":"(anonymous_13)","decl":{"start":{"line":128,"column":43},"end":{"line":128,"column":44}},"loc":{"start":{"line":128,"column":57},"end":{"line":130,"column":5}},"line":128},"14":{"name":"(anonymous_14)","decl":{"start":{"line":146,"column":6},"end":{"line":146,"column":7}},"loc":{"start":{"line":146,"column":15},"end":{"line":150,"column":7}},"line":146},"15":{"name":"updateReactions","decl":{"start":{"line":155,"column":9},"end":{"line":155,"column":24}},"loc":{"start":{"line":155,"column":49},"end":{"line":192,"column":1}},"line":155},"16":{"name":"(anonymous_16)","decl":{"start":{"line":156,"column":34},"end":{"line":156,"column":35}},"loc":{"start":{"line":156,"column":49},"end":{"line":191,"column":3}},"line":156},"17":{"name":"(anonymous_17)","decl":{"start":{"line":162,"column":45},"end":{"line":162,"column":46}},"loc":{"start":{"line":162,"column":59},"end":{"line":164,"column":5}},"line":162},"18":{"name":"(anonymous_18)","decl":{"start":{"line":185,"column":6},"end":{"line":185,"column":7}},"loc":{"start":{"line":185,"column":15},"end":{"line":189,"column":7}},"line":185}},"branchMap":{"0":{"loc":{"start":{"line":96,"column":4},"end":{"line":98,"column":5}},"type":"if","locations":[{"start":{"line":96,"column":4},"end":{"line":98,"column":5}},{"start":{},"end":{}}],"line":96},"1":{"loc":{"start":{"line":108,"column":8},"end":{"line":110,"column":9}},"type":"if","locations":[{"start":{"line":108,"column":8},"end":{"line":110,"column":9}},{"start":{},"end":{}}],"line":108},"2":{"loc":{"start":{"line":121,"column":4},"end":{"line":123,"column":5}},"type":"if","locations":[{"start":{"line":121,"column":4},"end":{"line":123,"column":5}},{"start":{},"end":{}}],"line":121},"3":{"loc":{"start":{"line":147,"column":8},"end":{"line":149,"column":9}},"type":"if","locations":[{"start":{"line":147,"column":8},"end":{"line":149,"column":9}},{"start":{},"end":{}}],"line":147},"4":{"loc":{"start":{"line":157,"column":4},"end":{"line":159,"column":5}},"type":"if","locations":[{"start":{"line":157,"column":4},"end":{"line":159,"column":5}},{"start":{},"end":{}}],"line":157},"5":{"loc":{"start":{"line":186,"column":8},"end":{"line":188,"column":9}},"type":"if","locations":[{"start":{"line":186,"column":8},"end":{"line":188,"column":9}},{"start":{},"end":{}}],"line":186}},"s":{"0":1,"1":1,"2":1,"3":1,"4":1,"5":1,"6":1,"7":1,"8":1,"9":1,"10":1,"11":1,"12":1,"13":1,"14":2,"15":2,"16":8,"17":2,"18":1,"19":0,"20":0,"21":0,"22":1,"23":0,"24":0,"25":0,"26":0,"27":1,"28":0,"29":0,"30":0,"31":0,"32":1,"33":0,"34":0,"35":0,"36":0,"37":0,"38":0,"39":0,"40":0,"41":0,"42":0,"43":0,"44":0,"45":0,"46":0,"47":0,"48":0,"49":0,"50":0,"51":0,"52":0,"53":0,"54":0,"55":0,"56":0,"57":0,"58":0,"59":0,"60":0,"61":0,"62":0,"63":0,"64":0,"65":0,"66":0,"67":0,"68":1},"f":{"0":1,"1":2,"2":8,"3":0,"4":0,"5":0,"6":0,"7":0,"8":0,"9":0,"10":0,"11":0,"12":0,"13":0,"14":0,"15":0,"16":0,"17":0,"18":0},"b":{"0":[0,0],"1":[0,0],"2":[0,0],"3":[0,0],"4":[0,0],"5":[0,0]},"_coverageSchema":"1a1c01bbd47fc00a2c39e90264f33305004495a9","hash":"fb332a7698828b4ab929b9a9c0ee3836f6f087ec"}
}
