TN:
SF:index.js
FN:23,(anonymous_0)
FN:29,(anonymous_1)
FN:31,(anonymous_2)
FN:39,(anonymous_3)
FN:49,(anonymous_4)
FN:51,(anonymous_5)
FN:58,(anonymous_6)
FN:76,(anonymous_7)
FN:92,readPosts
FN:95,(anonymous_9)
FN:107,(anonymous_10)
FN:119,addNewComment
FN:120,(anonymous_12)
FN:128,(anonymous_13)
FN:146,(anonymous_14)
FN:155,updateReactions
FN:156,(anonymous_16)
FN:162,(anonymous_17)
FN:185,(anonymous_18)
FNF:19
FNH:3
FNDA:1,(anonymous_0)
FNDA:2,(anonymous_1)
FNDA:8,(anonymous_2)
FNDA:0,(anonymous_3)
FNDA:0,(anonymous_4)
FNDA:0,(anonymous_5)
FNDA:0,(anonymous_6)
FNDA:0,(anonymous_7)
FNDA:0,readPosts
FNDA:0,(anonymous_9)
FNDA:0,(anonymous_10)
FNDA:0,addNewComment
FNDA:0,(anonymous_12)
FNDA:0,(anonymous_13)
FNDA:0,(anonymous_14)
FNDA:0,updateReactions
FNDA:0,(anonymous_16)
FNDA:0,(anonymous_17)
FNDA:0,(anonymous_18)
DA:1,1
DA:2,1
DA:3,1
DA:4,1
DA:5,1
DA:6,1
DA:7,1
DA:10,1
DA:13,1
DA:15,1
DA:23,1
DA:24,1
DA:25,1
DA:29,1
DA:30,2
DA:31,2
DA:32,8
DA:34,2
DA:39,1
DA:40,0
DA:42,0
DA:44,0
DA:49,1
DA:50,0
DA:51,0
DA:52,0
DA:54,0
DA:58,1
DA:62,0
DA:64,0
DA:70,0
DA:72,0
DA:76,1
DA:80,0
DA:86,0
DA:89,0
DA:95,0
DA:96,0
DA:97,0
DA:99,0
DA:100,0
DA:102,0
DA:104,0
DA:108,0
DA:109,0
DA:115,0
DA:120,0
DA:121,0
DA:122,0
DA:125,0
DA:128,0
DA:129,0
DA:132,0
DA:134,0
DA:143,0
DA:147,0
DA:148,0
DA:156,0
DA:157,0
DA:158,0
DA:160,0
DA:162,0
DA:163,0
DA:166,0
DA:168,0
DA:182,0
DA:186,0
DA:187,0
DA:195,1
LF:69
LH:23
BRDA:96,0,0,0
BRDA:96,0,1,0
BRDA:108,1,0,0
BRDA:108,1,1,0
BRDA:121,2,0,0
BRDA:121,2,1,0
BRDA:147,3,0,0
BRDA:147,3,1,0
BRDA:157,4,0,0
BRDA:157,4,1,0
BRDA:186,5,0,0
BRDA:186,5,1,0
BRF:12
BRH:0
end_of_record
