TN:
SF:index.js
FN:17,(anonymous_0)
FN:23,(anonymous_1)
FN:29,(anonymous_2)
FN:31,(anonymous_3)
FN:39,(anonymous_4)
FN:49,(anonymous_5)
FN:52,(anonymous_6)
FN:70,(anonymous_7)
FN:86,readPosts
FN:90,(anonymous_9)
FN:102,(anonymous_10)
FN:114,addNewComment
FN:115,(anonymous_12)
FN:123,(anonymous_13)
FN:141,(anonymous_14)
FN:150,updateReactions
FN:151,(anonymous_16)
FN:157,(anonymous_17)
FN:181,(anonymous_18)
FNF:19
FNH:2
FNDA:1,(anonymous_0)
FNDA:1,(anonymous_1)
FNDA:0,(anonymous_2)
FNDA:0,(anonymous_3)
FNDA:0,(anonymous_4)
FNDA:0,(anonymous_5)
FNDA:0,(anonymous_6)
FNDA:0,(anonymous_7)
FNDA:0,readPosts
FNDA:0,(anonymous_9)
FNDA:0,(anonymous_10)
FNDA:0,addNewComment
FNDA:0,(anonymous_12)
FNDA:0,(anonymous_13)
FNDA:0,(anonymous_14)
FNDA:0,updateReactions
FNDA:0,(anonymous_16)
FNDA:0,(anonymous_17)
FNDA:0,(anonymous_18)
DA:1,1
DA:2,1
DA:3,1
DA:4,1
DA:5,1
DA:6,1
DA:7,1
DA:10,1
DA:12,1
DA:13,1
DA:15,1
DA:17,1
DA:18,1
DA:23,1
DA:24,1
DA:25,1
DA:29,1
DA:30,0
DA:31,0
DA:32,0
DA:34,0
DA:39,1
DA:40,0
DA:42,0
DA:44,0
DA:49,1
DA:52,1
DA:56,0
DA:58,0
DA:64,0
DA:66,0
DA:70,1
DA:74,0
DA:81,0
DA:83,0
DA:90,0
DA:91,0
DA:92,0
DA:94,0
DA:95,0
DA:97,0
DA:99,0
DA:103,0
DA:104,0
DA:110,0
DA:115,0
DA:116,0
DA:117,0
DA:120,0
DA:123,0
DA:124,0
DA:127,0
DA:129,0
DA:138,0
DA:142,0
DA:143,0
DA:151,0
DA:152,0
DA:153,0
DA:155,0
DA:157,0
DA:158,0
DA:160,0
DA:162,0
DA:164,0
DA:178,0
DA:182,0
DA:183,0
DA:190,1
LF:69
LH:22
BRDA:12,0,0,1
BRDA:12,0,1,1
BRDA:91,1,0,0
BRDA:91,1,1,0
BRDA:103,2,0,0
BRDA:103,2,1,0
BRDA:116,3,0,0
BRDA:116,3,1,0
BRDA:142,4,0,0
BRDA:142,4,1,0
BRDA:152,5,0,0
BRDA:152,5,1,0
BRDA:182,6,0,0
BRDA:182,6,1,0
BRF:14
BRH:2
end_of_record
